Heap:
 PSYoungGen      total 195584K, used 67338K [0x00000000eb580000, 0x00000000f8680000, 0x0000000100000000)
  eden space 179200K, 36% used [0x00000000eb580000,0x00000000ef5faa80,0x00000000f6480000)
  from space 16384K, 8% used [0x00000000f7480000,0x00000000f75c8000,0x00000000f8480000)
  to   space 16384K, 0% used [0x00000000f6480000,0x00000000f6480000,0x00000000f7480000)
 ParOldGen       total 73728K, used 20887K [0x00000000c2000000, 0x00000000c6800000, 0x00000000eb580000)
  object space 73728K, 28% used [0x00000000c2000000,0x00000000c3465f20,0x00000000c6800000)
 Metaspace       used 57071K, capacity 59566K, committed 60328K, reserved 1101824K
  class space    used 7501K, capacity 7956K, committed 8104K, reserved 1048576K
GC Heap History (10 events):
Event: 7.635 GC heap before
{Heap before GC invocations=13 (full 2):
 PSYoungGen      total 130560K, used 121344K [0x00000000eb580000, 0x00000000f6580000, 0x0000000100000000)
  eden space 121344K, 100% used [0x00000000eb580000,0x00000000f2c00000,0x00000000f2c00000)
  from space 9216K, 0% used [0x00000000f3700000,0x00000000f3700000,0x00000000f4000000)
  to   space 11264K, 0% used [0x00000000f2c00000,0x00000000f2c00000,0x00000000f3700000)
 ParOldGen       total 54272K, used 15355K [0x00000000c2000000, 0x00000000c5500000, 0x00000000eb580000)
  object space 54272K, 28% used [0x00000000c2000000,0x00000000c2efeef8,0x00000000c5500000)
 Metaspace       used 39942K, capacity 41846K, committed 42152K, reserved 1085440K
  class space    used 5364K, capacity 5712K, committed 5800K, reserved 1048576K
Event: 7.651 GC heap after
Heap after GC invocations=13 (full 2):
 PSYoungGen      total 132608K, used 10171K [0x00000000eb580000, 0x00000000f6200000, 0x0000000100000000)
  eden space 121344K, 0% used [0x00000000eb580000,0x00000000eb580000,0x00000000f2c00000)
  from space 11264K, 90% used [0x00000000f2c00000,0x00000000f35eed38,0x00000000f3700000)
  to   space 12288K, 0% used [0x00000000f5600000,0x00000000f5600000,0x00000000f6200000)
 ParOldGen       total 54272K, used 15363K [0x00000000c2000000, 0x00000000c5500000, 0x00000000eb580000)
  object space 54272K, 28% used [0x00000000c2000000,0x00000000c2f00ef8,0x00000000c5500000)
 Metaspace       used 39942K, capacity 41846K, committed 42152K, reserved 1085440K
  class space    used 5364K, capacity 5712K, committed 5800K, reserved 1048576K
}
Event: 9.979 GC heap before
{Heap before GC invocations=14 (full 2):
 PSYoungGen      total 132608K, used 131515K [0x00000000eb580000, 0x00000000f6200000, 0x0000000100000000)
  eden space 121344K, 100% used [0x00000000eb580000,0x00000000f2c00000,0x00000000f2c00000)
  from space 11264K, 90% used [0x00000000f2c00000,0x00000000f35eed38,0x00000000f3700000)
  to   space 12288K, 0% used [0x00000000f5600000,0x00000000f5600000,0x00000000f6200000)
 ParOldGen       total 54272K, used 15363K [0x00000000c2000000, 0x00000000c5500000, 0x00000000eb580000)
  object space 54272K, 28% used [0x00000000c2000000,0x00000000c2f00ef8,0x00000000c5500000)
 Metaspace       used 48853K, capacity 51270K, committed 51496K, reserved 1093632K
  class space    used 6731K, capacity 7164K, committed 7208K, reserved 1048576K
Event: 10.003 GC heap after
Heap after GC invocations=14 (full 2):
 PSYoungGen      total 161792K, used 12285K [0x00000000eb580000, 0x00000000f6580000, 0x0000000100000000)
  eden space 149504K, 0% used [0x00000000eb580000,0x00000000eb580000,0x00000000f4780000)
  from space 12288K, 99% used [0x00000000f5600000,0x00000000f61ff708,0x00000000f6200000)
  to   space 14848K, 0% used [0x00000000f4780000,0x00000000f4780000,0x00000000f5600000)
 ParOldGen       total 54272K, used 17504K [0x00000000c2000000, 0x00000000c5500000, 0x00000000eb580000)
  object space 54272K, 32% used [0x00000000c2000000,0x00000000c31182f8,0x00000000c5500000)
 Metaspace       used 48853K, capacity 51270K, committed 51496K, reserved 1093632K
  class space    used 6731K, capacity 7164K, committed 7208K, reserved 1048576K
}
Event: 1733.545 GC heap before
{Heap before GC invocations=15 (full 2):
 PSYoungGen      total 161792K, used 155058K [0x00000000eb580000, 0x00000000f6580000, 0x0000000100000000)
  eden space 149504K, 95% used [0x00000000eb580000,0x00000000f40ed480,0x00000000f4780000)
  from space 12288K, 99% used [0x00000000f5600000,0x00000000f61ff708,0x00000000f6200000)
  to   space 14848K, 0% used [0x00000000f4780000,0x00000000f4780000,0x00000000f5600000)
 ParOldGen       total 54272K, used 17504K [0x00000000c2000000, 0x00000000c5500000, 0x00000000eb580000)
  object space 54272K, 32% used [0x00000000c2000000,0x00000000c31182f8,0x00000000c5500000)
 Metaspace       used 56337K, capacity 59018K, committed 59160K, reserved 1099776K
  class space    used 7535K, capacity 8004K, committed 8104K, reserved 1048576K
Event: 1733.641 GC heap after
Heap after GC invocations=15 (full 2):
 PSYoungGen      total 164352K, used 13282K [0x00000000eb580000, 0x00000000f8480000, 0x0000000100000000)
  eden space 149504K, 0% used [0x00000000eb580000,0x00000000eb580000,0x00000000f4780000)
  from space 14848K, 89% used [0x00000000f4780000,0x00000000f5478990,0x00000000f5600000)
  to   space 16384K, 0% used [0x00000000f7480000,0x00000000f7480000,0x00000000f8480000)
 ParOldGen       total 54272K, used 20336K [0x00000000c2000000, 0x00000000c5500000, 0x00000000eb580000)
  object space 54272K, 37% used [0x00000000c2000000,0x00000000c33dc198,0x00000000c5500000)
 Metaspace       used 56337K, capacity 59018K, committed 59160K, reserved 1099776K
  class space    used 7535K, capacity 8004K, committed 8104K, reserved 1048576K
}
Event: 1733.641 GC heap before
{Heap before GC invocations=16 (full 3):
 PSYoungGen      total 164352K, used 13282K [0x00000000eb580000, 0x00000000f8480000, 0x0000000100000000)
  eden space 149504K, 0% used [0x00000000eb580000,0x00000000eb580000,0x00000000f4780000)
  from space 14848K, 89% used [0x00000000f4780000,0x00000000f5478990,0x00000000f5600000)
  to   space 16384K, 0% used [0x00000000f7480000,0x00000000f7480000,0x00000000f8480000)
 ParOldGen       total 54272K, used 20336K [0x00000000c2000000, 0x00000000c5500000, 0x00000000eb580000)
  object space 54272K, 37% used [0x00000000c2000000,0x00000000c33dc198,0x00000000c5500000)
 Metaspace       used 56337K, capacity 59018K, committed 59160K, reserved 1099776K
  class space    used 7535K, capacity 8004K, committed 8104K, reserved 1048576K
Event: 1733.923 GC heap after
Heap after GC invocations=16 (full 3):
 PSYoungGen      total 164352K, used 0K [0x00000000eb580000, 0x00000000f8480000, 0x0000000100000000)
  eden space 149504K, 0% used [0x00000000eb580000,0x00000000eb580000,0x00000000f4780000)
  from space 14848K, 0% used [0x00000000f4780000,0x00000000f4780000,0x00000000f5600000)
  to   space 16384K, 0% used [0x00000000f7480000,0x00000000f7480000,0x00000000f8480000)
 ParOldGen       total 73728K, used 20879K [0x00000000c2000000, 0x00000000c6800000, 0x00000000eb580000)
  object space 73728K, 28% used [0x00000000c2000000,0x00000000c3463f20,0x00000000c6800000)
 Metaspace       used 56034K, capacity 58536K, committed 59160K, reserved 1099776K
  class space    used 7488K, capacity 7919K, committed 8104K, reserved 1048576K
}
Event: 16079.471 GC heap before
{Heap before GC invocations=17 (full 3):
 PSYoungGen      total 164352K, used 149504K [0x00000000eb580000, 0x00000000f8480000, 0x0000000100000000)
  eden space 149504K, 100% used [0x00000000eb580000,0x00000000f4780000,0x00000000f4780000)
  from space 14848K, 0% used [0x00000000f4780000,0x00000000f4780000,0x00000000f5600000)
  to   space 16384K, 0% used [0x00000000f7480000,0x00000000f7480000,0x00000000f8480000)
 ParOldGen       total 73728K, used 20879K [0x00000000c2000000, 0x00000000c6800000, 0x00000000eb580000)
  object space 73728K, 28% used [0x00000000c2000000,0x00000000c3463f20,0x00000000c6800000)
 Metaspace       used 56993K, capacity 59566K, committed 60328K, reserved 1101824K
  class space    used 7501K, capacity 7956K, committed 8104K, reserved 1048576K
Event: 16081.316 GC heap after
Heap after GC invocations=17 (full 3):
 PSYoungGen      total 195584K, used 1312K [0x00000000eb580000, 0x00000000f8680000, 0x0000000100000000)
  eden space 179200K, 0% used [0x00000000eb580000,0x00000000eb580000,0x00000000f6480000)
  from space 16384K, 8% used [0x00000000f7480000,0x00000000f75c8000,0x00000000f8480000)
  to   space 16384K, 0% used [0x00000000f6480000,0x00000000f6480000,0x00000000f7480000)
 ParOldGen       total 73728K, used 20887K [0x00000000c2000000, 0x00000000c6800000, 0x00000000eb580000)
  object space 73728K, 28% used [0x00000000c2000000,0x00000000c3465f20,0x00000000c6800000)
 Metaspace       used 56993K, capacity 59566K, committed 60328K, reserved 1101824K
  class space    used 7501K, capacity 7956K, committed 8104K, reserved 1048576K
}

